[[1;34mINFO[m] Scanning for projects...
[[1;34mINFO[m] 
[[1;34mINFO[m] [1m----------------< [0;36morg.me.joy:clinic-management-system[0;1m >-----------------[m
[[1;34mINFO[m] [1mBuilding Clinic Management System 1.0-SNAPSHOT[m
[[1;34mINFO[m] [1m--------------------------------[ jar ]---------------------------------[m
[[1;34mINFO[m] 
[[1;34mINFO[m] [1m>>> [0;32mspring-boot-maven-plugin:3.2.0:run[m [1m(default-cli)[0;1m > [0;1mtest-compile[m @ [36mclinic-management-system[0;1m >>>[m
[[1;34mINFO[m] 
[[1;34mINFO[m] [1m--- [0;32mmaven-resources-plugin:3.3.1:resources[m [1m(default-resources)[m @ [36mclinic-management-system[0;1m ---[m
[[1;34mINFO[m] Copying 1 resource from src/main/resources to target/classes
[[1;34mINFO[m] Copying 28 resources from src/main/resources to target/classes
[[1;34mINFO[m] 
[[1;34mINFO[m] [1m--- [0;32mmaven-compiler-plugin:3.11.0:compile[m [1m(default-compile)[m @ [36mclinic-management-system[0;1m ---[m
[[1;34mINFO[m] Nothing to compile - all classes are up to date
[[1;34mINFO[m] 
[[1;34mINFO[m] [1m--- [0;32mmaven-resources-plugin:3.3.1:testResources[m [1m(default-testResources)[m @ [36mclinic-management-system[0;1m ---[m
[[1;34mINFO[m] Copying 2 resources from src/test/resources to target/test-classes
[[1;34mINFO[m] 
[[1;34mINFO[m] [1m--- [0;32mmaven-compiler-plugin:3.11.0:testCompile[m [1m(default-testCompile)[m @ [36mclinic-management-system[0;1m ---[m
[[1;34mINFO[m] Nothing to compile - all classes are up to date
[[1;34mINFO[m] 
[[1;34mINFO[m] [1m<<< [0;32mspring-boot-maven-plugin:3.2.0:run[m [1m(default-cli)[0;1m < [0;1mtest-compile[m @ [36mclinic-management-system[0;1m <<<[m
[[1;34mINFO[m] 
[[1;34mINFO[m] 
[[1;34mINFO[m] [1m--- [0;32mspring-boot-maven-plugin:3.2.0:run[m [1m(default-cli)[m @ [36mclinic-management-system[0;1m ---[m
[[1;34mINFO[m] Attaching agents: []

  .   ____          _            __ _ _
 /\\ / ___'_ __ _ _(_)_ __  __ _ \ \ \ \
( ( )\___ | '_ | '_| | '_ \/ _` | \ \ \ \
 \\/  ___)| |_)| | | | | || (_| |  ) ) ) )
  '  |____| .__|_| |_|_| |_\__, | / / / /
 =========|_|==============|___/=/_/_/_/
 :: Spring Boot ::                (v3.2.0)

2025-08-04 21:04:22 - Starting ClinicManagementSystemApplication using Java 17.0.15 with PID 47357 (/Users/joyhsin/work/codes/med-manage-system/target/classes started by joyhsin in /Users/joyhsin/work/codes/med-manage-system)
2025-08-04 21:04:22 - No active profile set, falling back to 1 default profile: "default"
2025-08-04 21:04:23 - Tomcat initialized with port 8080 (http)
2025-08-04 21:04:23 - Starting service [Tomcat]
2025-08-04 21:04:23 - Starting Servlet engine: [Apache Tomcat/10.1.16]
2025-08-04 21:04:23 - Initializing Spring embedded WebApplicationContext
2025-08-04 21:04:23 - Root WebApplicationContext: initialization completed in 465 ms
2025-08-04 21:04:23 - mapper[org.me.joy.clinic.mapper.PermissionMapper.findPermissionsByUserId] is ignored, because it exists, maybe from xml file
2025-08-04 21:04:23 - mapper[org.me.joy.clinic.mapper.PermissionMapper.findAllEnabled] is ignored, because it exists, maybe from xml file
2025-08-04 21:04:23 - mapper[org.me.joy.clinic.mapper.PermissionMapper.findByModule] is ignored, because it exists, maybe from xml file
2025-08-04 21:04:23 - mapper[org.me.joy.clinic.mapper.PermissionMapper.findByModuleAndEnabled] is ignored, because it exists, maybe from xml file
2025-08-04 21:04:23 - mapper[org.me.joy.clinic.mapper.RoleMapper.findByIsSystemRoleTrue] is ignored, because it exists, maybe from xml file
2025-08-04 21:04:23 - mapper[org.me.joy.clinic.mapper.RoleMapper.findByRoleCodeIgnoreCase] is ignored, because it exists, maybe from xml file
2025-08-04 21:04:23 - mapper[org.me.joy.clinic.mapper.RolePermissionMapper.removeAllRolePermissions] is ignored, because it exists, maybe from xml file
2025-08-04 21:04:23 - mapper[org.me.joy.clinic.mapper.RolePermissionMapper.findPermissionsByRoleId] is ignored, because it exists, maybe from xml file
2025-08-04 21:04:23 - mapper[org.me.joy.clinic.mapper.RolePermissionMapper.countRolePermission] is ignored, because it exists, maybe from xml file
2025-08-04 21:04:23 - mapper[org.me.joy.clinic.mapper.RolePermissionMapper.addRolePermission] is ignored, because it exists, maybe from xml file
2025-08-04 21:04:23 - mapper[org.me.joy.clinic.mapper.RolePermissionMapper.removeRolePermission] is ignored, because it exists, maybe from xml file
2025-08-04 21:04:23 - mapper[org.me.joy.clinic.mapper.UserMapper.findByRoleId] is ignored, because it exists, maybe from xml file
 _ _   |_  _ _|_. ___ _ |    _ 
| | |\/|_)(_| | |_\  |_)||_|_\ 
     /               |         
                        3.5.5 
2025-08-04 21:04:23 - Filter 'jwtAuthenticationFilter' configured for use
2025-08-04 21:04:23 - Will secure any request with [org.springframework.security.web.session.DisableEncodeUrlFilter@48ae9e8b, org.springframework.security.web.context.request.async.WebAsyncManagerIntegrationFilter@6eaa6b0c, org.springframework.security.web.context.SecurityContextHolderFilter@1edf71d9, org.springframework.security.web.header.HeaderWriterFilter@63c99f7, org.springframework.web.filter.CorsFilter@4afcae7, org.springframework.security.web.authentication.logout.LogoutFilter@6aa6c17, org.me.joy.clinic.security.JwtAuthenticationFilter@14efa279, org.springframework.security.web.savedrequest.RequestCacheAwareFilter@1a84a8b2, org.springframework.security.web.servletapi.SecurityContextHolderAwareRequestFilter@35e07e19, org.springframework.security.web.authentication.AnonymousAuthenticationFilter@6cd2cb2, org.springframework.security.web.session.SessionManagementFilter@6ce2e079, org.springframework.security.web.access.ExceptionTranslationFilter@3ce7394f, org.springframework.security.web.access.intercept.AuthorizationFilter@c6a692e]
2025-08-04 21:04:23 - Tomcat started on port 8080 (http) with context path '/api'
2025-08-04 21:04:23 - Started ClinicManagementSystemApplication in 1.391 seconds (process running for 1.491)
2025-08-04 21:04:57 - Initializing Spring DispatcherServlet 'dispatcherServlet'
2025-08-04 21:04:57 - Initializing Servlet 'dispatcherServlet'
2025-08-04 21:04:57 - Completed initialization in 2 ms
2025-08-04 21:04:57 - Securing OPTIONS /auth/login
2025-08-04 21:05:22 - Securing OPTIONS /auth/login
2025-08-04 21:05:48 - Securing OPTIONS /auth/login
2025-08-04 21:05:48 - Securing OPTIONS /auth/login
2025-08-04 21:05:49 - Securing OPTIONS /auth/login
2025-08-04 21:05:49 - Securing OPTIONS /auth/login
